#
# There is insufficient memory for the Java Runtime Environment to continue.
# Native memory allocation (malloc) failed to allocate 1066032 bytes for Chunk::new
# Possible reasons:
#   The system is out of physical RAM or swap space
#   The process is running with CompressedOops enabled, and the Java Heap may be blocking the growth of the native heap
# Possible solutions:
#   Reduce memory load on the system
#   Increase physical memory or swap space
#   Check if swap backing store is full
#   Decrease Java heap size (-Xmx/-Xms)
#   Decrease number of Java threads
#   Decrease Java thread stack sizes (-Xss)
#   Set larger code cache with -XX:ReservedCodeCacheSize=
#   JVM is running with Unscaled Compressed Oops mode in which the Java heap is
#     placed in the first 4GB address space. The Java Heap base address is the
#     maximum limit for the native heap growth. Please use -XX:HeapBaseMinAddress
#     to set the Java Heap base and to place the Java Heap above 4GB virtual address.
# This output file may be truncated or incomplete.
#
#  Out of Memory Error (allocation.cpp:389), pid=9320, tid=0x0000000000002080
#
# JRE version: OpenJDK Runtime Environment (8.0_202-b03) (build 1.8.0_202-release-1483-b03)
# Java VM: OpenJDK 64-Bit Server VM (25.202-b03 mixed mode windows-amd64 compressed oops)
# Failed to write core dump. Minidumps are not enabled by default on client versions of Windows
#

---------------  T H R E A D  ---------------

Current thread (0x000000001812f800):  JavaThread "C2 CompilerThread0" daemon [_thread_in_native, id=8320, stack(0x0000000018a00000,0x0000000018b00000)]

Stack: [0x0000000018a00000,0x0000000018b00000]
[error occurred during error reporting (printing stack bounds), id 0xc0000005]

Native frames: (J=compiled Java code, j=interpreted, Vv=VM code, C=native code)


Current CompileTask:
C2:  11582 7052   !   4       java.nio.file.FileTreeWalker::next (144 bytes)


---------------  P R O C E S S  ---------------

Java Threads: ( => current thread )
  0x000000001fbbb800 JavaThread "Cache worker for Java compile cache (C:\Users\kadar\AndroidStudioProjects\FoodOrdering\.gradle\5.4.1\javaCompile)" [_thread_blocked, id=8728, stack(0x00000000269c0000,0x0000000026ac0000)]
  0x000000001fbb8800 JavaThread "Cache worker for Java compile cache (C:\Users\kadar\.gradle\caches\5.4.1\javaCompile)" [_thread_blocked, id=7000, stack(0x00000000268c0000,0x00000000269c0000)]
  0x000000001fbbe000 JavaThread "Cache worker for execution history cache (C:\Users\kadar\AndroidStudioProjects\FoodOrdering\.gradle\5.4.1\executionHistory)" [_thread_blocked, id=8532, stack(0x00000000263b0000,0x00000000264b0000)]
  0x000000001fbb8000 JavaThread "Execution worker for ':' Thread 7" [_thread_blocked, id=2764, stack(0x0000000025fb0000,0x00000000260b0000)]
  0x000000001fbb0800 JavaThread "Execution worker for ':' Thread 6" [_thread_blocked, id=13628, stack(0x0000000025eb0000,0x0000000025fb0000)]
  0x000000001fbb6800 JavaThread "Execution worker for ':' Thread 5" [_thread_blocked, id=2040, stack(0x0000000025db0000,0x0000000025eb0000)]
  0x000000001fbb7000 JavaThread "Execution worker for ':' Thread 4" [_thread_blocked, id=7108, stack(0x0000000025cb0000,0x0000000025db0000)]
  0x000000001fbb3800 JavaThread "Execution worker for ':' Thread 3" [_thread_blocked, id=6192, stack(0x0000000025bb0000,0x0000000025cb0000)]
  0x000000001fbb5800 JavaThread "Execution worker for ':' Thread 2" [_thread_blocked, id=1536, stack(0x0000000025ab0000,0x0000000025bb0000)]
  0x000000001fbb4000 JavaThread "Execution worker for ':'" [_thread_blocked, id=11348, stack(0x00000000259b0000,0x0000000025ab0000)]
  0x000000001fbb2800 JavaThread "Cache worker for file content cache (C:\Users\kadar\AndroidStudioProjects\FoodOrdering\.gradle\5.4.1\fileContent)" [_thread_blocked, id=2968, stack(0x00000000243e0000,0x00000000244e0000)]
  0x000000001fbb2000 JavaThread "Cache worker for file content cache (C:\Users\kadar\.gradle\caches\5.4.1\fileContent)" [_thread_blocked, id=8060, stack(0x00000000242e0000,0x00000000243e0000)]
  0x000000001fbb5000 JavaThread "Memory manager" [_thread_blocked, id=12660, stack(0x00000000237c0000,0x00000000238c0000)]
  0x000000001d73f000 JavaThread "Cache worker for Build Output Cleanup Cache (C:\Users\kadar\AndroidStudioProjects\FoodOrdering\.gradle\buildOutputCleanup)" [_thread_blocked, id=3792, stack(0x00000000234c0000,0x00000000235c0000)]
  0x000000001d740800 JavaThread "pool-1-thread-1" [_thread_blocked, id=6860, stack(0x0000000022310000,0x0000000022410000)]
  0x000000001d742000 JavaThread "Build operations Thread 8" [_thread_blocked, id=8424, stack(0x0000000022dc0000,0x0000000022ec0000)]
  0x000000001d743000 JavaThread "Build operations Thread 7" [_thread_blocked, id=952, stack(0x0000000022cc0000,0x0000000022dc0000)]
  0x000000001d741800 JavaThread "Build operations Thread 6" [_thread_blocked, id=13360, stack(0x0000000022bc0000,0x0000000022cc0000)]
  0x000000001d745000 JavaThread "Build operations Thread 5" [_thread_blocked, id=7880, stack(0x0000000022ac0000,0x0000000022bc0000)]
  0x000000001d737800 JavaThread "Build operations Thread 4" [_thread_blocked, id=8876, stack(0x00000000229c0000,0x0000000022ac0000)]
  0x000000001d73e800 JavaThread "Build operations Thread 3" [_thread_blocked, id=13184, stack(0x00000000228c0000,0x00000000229c0000)]
  0x000000001d73d800 JavaThread "Build operations Thread 2" [_thread_blocked, id=13880, stack(0x00000000227c0000,0x00000000228c0000)]
  0x000000001d738800 JavaThread "Build operations" [_thread_blocked, id=13956, stack(0x0000000022420000,0x0000000022520000)]
  0x000000001d73a800 JavaThread "Cache worker for execution history cache (C:\Users\kadar\.gradle\caches\5.4.1\executionHistory)" [_thread_blocked, id=12576, stack(0x0000000022010000,0x0000000022110000)]
  0x000000001d73a000 JavaThread "Cache worker for cache directory md-rule (C:\Users\kadar\.gradle\caches\5.4.1\md-rule)" [_thread_blocked, id=5300, stack(0x0000000021f10000,0x0000000022010000)]
  0x000000001d73d000 JavaThread "Cache worker for cache directory md-supplier (C:\Users\kadar\.gradle\caches\5.4.1\md-supplier)" [_thread_blocked, id=12952, stack(0x000000001f9e0000,0x000000001fae0000)]
  0x0000000018143800 JavaThread "Cache worker for file hash cache (C:\Users\kadar\AndroidStudioProjects\FoodOrdering\.gradle\5.4.1\fileHashes)" [_thread_blocked, id=9308, stack(0x000000001f290000,0x000000001f390000)]
  0x0000000018145000 JavaThread "Cache worker for journal cache (C:\Users\kadar\.gradle\caches\journal-1)" [_thread_blocked, id=784, stack(0x000000001be20000,0x000000001bf20000)]
  0x0000000018146000 JavaThread "File lock request listener" [_thread_in_native, id=8140, stack(0x000000001bd20000,0x000000001be20000)]
  0x0000000018142000 JavaThread "Cache worker for file hash cache (C:\Users\kadar\.gradle\caches\5.4.1\fileHashes)" [_thread_blocked, id=2276, stack(0x000000001bc20000,0x000000001bd20000)]
  0x00000000184fa000 JavaThread "Thread-9" [_thread_blocked, id=10032, stack(0x000000001bb20000,0x000000001bc20000)]
  0x000000001906b000 JavaThread "Stdin handler" [_thread_blocked, id=13316, stack(0x000000001ba20000,0x000000001bb20000)]
  0x00000000184f3000 JavaThread "Asynchronous log dispatcher for DefaultDaemonConnection: socket connection from /127.0.0.1:52159 to /127.0.0.1:52160" [_thread_blocked, id=1892, stack(0x000000001b920000,0x000000001ba20000)]
  0x000000001956d800 JavaThread "Daemon worker" [_thread_blocked, id=14188, stack(0x000000001b820000,0x000000001b920000)]
  0x000000001956a800 JavaThread "Cancel handler" [_thread_blocked, id=13712, stack(0x000000001b720000,0x000000001b820000)]
  0x0000000018269000 JavaThread "Handler for socket connection from /127.0.0.1:52159 to /127.0.0.1:52160" [_thread_in_native, id=11676, stack(0x000000001b420000,0x000000001b520000)]
  0x00000000192a1000 JavaThread "Daemon" [_thread_blocked, id=10424, stack(0x000000001b320000,0x000000001b420000)]
  0x00000000191cb000 JavaThread "Daemon periodic checks" [_thread_blocked, id=6268, stack(0x000000001b220000,0x000000001b320000)]
  0x000000001903f000 JavaThread "Incoming local TCP Connector on port 52159" [_thread_in_native, id=992, stack(0x000000001afe0000,0x000000001b0e0000)]
  0x000000001a43b800 JavaThread "Daemon health stats" [_thread_blocked, id=5228, stack(0x000000001a9a0000,0x000000001aaa0000)]
  0x00000000181c3000 JavaThread "Service Thread" daemon [_thread_blocked, id=6628, stack(0x0000000018e00000,0x0000000018f00000)]
  0x0000000018143000 JavaThread "C1 CompilerThread3" daemon [_thread_blocked, id=9312, stack(0x0000000018d00000,0x0000000018e00000)]
  0x000000001813f000 JavaThread "C2 CompilerThread2" daemon [_thread_in_native, id=13736, stack(0x0000000018c00000,0x0000000018d00000)]
  0x0000000018133800 JavaThread "C2 CompilerThread1" daemon [_thread_in_native, id=10560, stack(0x0000000018b00000,0x0000000018c00000)]
=>0x000000001812f800 JavaThread "C2 CompilerThread0" daemon [_thread_in_native, id=8320, stack(0x0000000018a00000,0x0000000018b00000)]
  0x000000001812d000 JavaThread "Attach Listener" daemon [_thread_blocked, id=5084, stack(0x0000000018900000,0x0000000018a00000)]
  0x0000000018129800 JavaThread "Signal Dispatcher" daemon [_thread_blocked, id=11092, stack(0x0000000018800000,0x0000000018900000)]
  0x000000000256d800 JavaThread "Finalizer" daemon [_thread_blocked, id=8484, stack(0x0000000018600000,0x0000000018700000)]
  0x0000000002565800 JavaThread "Reference Handler" daemon [_thread_blocked, id=668, stack(0x0000000018500000,0x0000000018600000)]
  0x000000000246e000 JavaThread "main" [_thread_blocked, id=5876, stack(0x0000000002270000,0x0000000002370000)]

Other Threads:
  0x0000000016327800 VMThread [stack: 0x0000000018000000,0x0000000018100000] [id=3720]
  0x00000000181c3800 WatcherThread [stack: 0x0000000018f00000,0x0000000019000000] [id=10980]

VM state:not at safepoint (normal execution)

VM Mutex/Monitor currently owned by a thread:  ([mutex/lock_event])
[0x000000000246cf30] SymbolTable_lock - owner thread: 0x0000000000000000
[0x00000000024703d0] CompiledIC_lock - owner thread: 0x0000000018143000

heap address: 0x00000000a0000000, size: 1536 MB, Compressed Oops mode: 32-bit
Narrow klass base: 0x0000000000000000, Narrow klass shift: 3
Compressed class space size: 1073741824 Address: 0x0000000100000000

Heap:
 PSYoungGen      total 185856K, used 147474K [0x00000000e0000000, 0x00000000ecf80000, 0x0000000100000000)
  eden space 167424K, 88% used [0x00000000e0000000,0x00000000e9004b28,0x00000000ea380000)
  from space 18432K, 0% used [0x00000000eb500000,0x00000000eb500000,0x00000000ec700000)
  to   space 17920K, 0% used [0x00000000ea380000,0x00000000ea380000,0x00000000eb500000)
 ParOldGen       total 144896K, used 33933K [0x00000000a0000000, 0x00000000a8d80000, 0x00000000e0000000)
  object space 144896K, 23% used [0x00000000a0000000,0x00000000a21237a0,0x00000000a8d80000)
 Metaspace       used 61167K, capacity 63372K, committed 63512K, reserved 1103872K
  class space    used 8388K, capacity 8878K, committed 9000K, reserved 1048576K

Card table byte_map: [0x0000000011930000,0x0000000011c40000] byte_map_base: 0x0000000011430000

Marking Bits: (ParMarkBitMap*) 0x00000000548c9f30
 Begin Bits: [0x0000000012640000, 0x0000000013e40000)
 End Bits:   [0x0000000013e40000, 0x0000000015640000)

Polling page: 0x00000000009b0000

CodeCache: size=245760Kb used=20415Kb max_used=20420Kb free=225344Kb
 bounds [0x0000000002570000, 0x0000000003980000, 0x0000000011570000]
 total_blobs=7303 nmethods=6496 adapters=720
 compilation: enabled

Compilation events (10 events):
Event: 11.525 Thread 0x0000000018143000 nmethod 7258 0x000000000396ce50 code [0x000000000396cfe0, 0x000000000396d3d0]
Event: 11.525 Thread 0x0000000018143000 7259       3       com.google.common.cache.LongAddables$1::get (8 bytes)
Event: 11.526 Thread 0x0000000018143000 nmethod 7259 0x0000000003972850 code [0x00000000039729c0, 0x0000000003972cd0]
Event: 11.534 Thread 0x0000000018143000 7260       3       java.security.AccessControlContext::combine (205 bytes)
Event: 11.535 Thread 0x0000000018143000 nmethod 7260 0x0000000003972e50 code [0x0000000003973040, 0x0000000003973b38]
Event: 11.565 Thread 0x000000001813f000 7261       4       org.apache.commons.io.FilenameUtils::doNormalize (534 bytes)
Event: 11.567 Thread 0x0000000018143000 7262       1       org.gradle.cache.internal.btree.BlockPointer::getPos (5 bytes)
Event: 11.567 Thread 0x0000000018143000 nmethod 7262 0x0000000003973f50 code [0x00000000039740a0, 0x00000000039741b0]
Event: 11.572 Thread 0x0000000018143000 7263       3       java.security.PermissionCollection::<init> (5 bytes)
Event: 11.572 Thread 0x0000000018143000 nmethod 7263 0x0000000003974210 code [0x0000000003974360, 0x0000000003974510]

GC Heap History (10 events):
Event: 5.666 GC heap before
{Heap before GC invocations=11 (full 2):
 PSYoungGen      total 116224K, used 10425K [0x00000000e0000000, 0x00000000ea380000, 0x0000000100000000)
  eden space 105472K, 0% used [0x00000000e0000000,0x00000000e0000000,0x00000000e6700000)
  from space 10752K, 96% used [0x00000000e6700000,0x00000000e712e428,0x00000000e7180000)
  to   space 11776K, 0% used [0x00000000e9800000,0x00000000e9800000,0x00000000ea380000)
 ParOldGen       total 59392K, used 8021K [0x00000000a0000000, 0x00000000a3a00000, 0x00000000e0000000)
  object space 59392K, 13% used [0x00000000a0000000,0x00000000a07d56a0,0x00000000a3a00000)
 Metaspace       used 34779K, capacity 35460K, committed 35496K, reserved 1079296K
  class space    used 4788K, capacity 5001K, committed 5032K, reserved 1048576K
Event: 5.725 GC heap after
Heap after GC invocations=11 (full 2):
 PSYoungGen      total 116224K, used 0K [0x00000000e0000000, 0x00000000ea380000, 0x0000000100000000)
  eden space 105472K, 0% used [0x00000000e0000000,0x00000000e0000000,0x00000000e6700000)
  from space 10752K, 0% used [0x00000000e6700000,0x00000000e6700000,0x00000000e7180000)
  to   space 11776K, 0% used [0x00000000e9800000,0x00000000e9800000,0x00000000ea380000)
 ParOldGen       total 93696K, used 17257K [0x00000000a0000000, 0x00000000a5b80000, 0x00000000e0000000)
  object space 93696K, 18% used [0x00000000a0000000,0x00000000a10da518,0x00000000a5b80000)
 Metaspace       used 34760K, capacity 35394K, committed 35496K, reserved 1079296K
  class space    used 4782K, capacity 4990K, committed 5032K, reserved 1048576K
}
Event: 7.095 GC heap before
{Heap before GC invocations=12 (full 2):
 PSYoungGen      total 116224K, used 105472K [0x00000000e0000000, 0x00000000ea380000, 0x0000000100000000)
  eden space 105472K, 100% used [0x00000000e0000000,0x00000000e6700000,0x00000000e6700000)
  from space 10752K, 0% used [0x00000000e6700000,0x00000000e6700000,0x00000000e7180000)
  to   space 11776K, 0% used [0x00000000e9800000,0x00000000e9800000,0x00000000ea380000)
 ParOldGen       total 93696K, used 17257K [0x00000000a0000000, 0x00000000a5b80000, 0x00000000e0000000)
  object space 93696K, 18% used [0x00000000a0000000,0x00000000a10da518,0x00000000a5b80000)
 Metaspace       used 45301K, capacity 46192K, committed 46376K, reserved 1089536K
  class space    used 6093K, capacity 6344K, committed 6440K, reserved 1048576K
Event: 7.107 GC heap after
Heap after GC invocations=12 (full 2):
 PSYoungGen      total 144384K, used 11744K [0x00000000e0000000, 0x00000000ea380000, 0x0000000100000000)
  eden space 132608K, 0% used [0x00000000e0000000,0x00000000e0000000,0x00000000e8180000)
  from space 11776K, 99% used [0x00000000e9800000,0x00000000ea378130,0x00000000ea380000)
  to   space 13824K, 0% used [0x00000000e8880000,0x00000000e8880000,0x00000000e9600000)
 ParOldGen       total 93696K, used 19503K [0x00000000a0000000, 0x00000000a5b80000, 0x00000000e0000000)
  object space 93696K, 20% used [0x00000000a0000000,0x00000000a130bc60,0x00000000a5b80000)
 Metaspace       used 45301K, capacity 46192K, committed 46376K, reserved 1089536K
  class space    used 6093K, capacity 6344K, committed 6440K, reserved 1048576K
}
Event: 8.660 GC heap before
{Heap before GC invocations=13 (full 2):
 PSYoungGen      total 144384K, used 144352K [0x00000000e0000000, 0x00000000ea380000, 0x0000000100000000)
  eden space 132608K, 100% used [0x00000000e0000000,0x00000000e8180000,0x00000000e8180000)
  from space 11776K, 99% used [0x00000000e9800000,0x00000000ea378130,0x00000000ea380000)
  to   space 13824K, 0% used [0x00000000e8880000,0x00000000e8880000,0x00000000e9600000)
 ParOldGen       total 93696K, used 19503K [0x00000000a0000000, 0x00000000a5b80000, 0x00000000e0000000)
  object space 93696K, 20% used [0x00000000a0000000,0x00000000a130bc60,0x00000000a5b80000)
 Metaspace       used 53405K, capacity 54828K, committed 55080K, reserved 1097728K
  class space    used 7285K, capacity 7694K, committed 7720K, reserved 1048576K
Event: 8.682 GC heap after
Heap after GC invocations=13 (full 2):
 PSYoungGen      total 153600K, used 13814K [0x00000000e0000000, 0x00000000ec700000, 0x0000000100000000)
  eden space 139776K, 0% used [0x00000000e0000000,0x00000000e0000000,0x00000000e8880000)
  from space 13824K, 99% used [0x00000000e8880000,0x00000000e95fd828,0x00000000e9600000)
  to   space 18432K, 0% used [0x00000000eb500000,0x00000000eb500000,0x00000000ec700000)
 ParOldGen       total 93696K, used 26816K [0x00000000a0000000, 0x00000000a5b80000, 0x00000000e0000000)
  object space 93696K, 28% used [0x00000000a0000000,0x00000000a1a301c0,0x00000000a5b80000)
 Metaspace       used 53405K, capacity 54828K, committed 55080K, reserved 1097728K
  class space    used 7285K, capacity 7694K, committed 7720K, reserved 1048576K
}
Event: 9.507 GC heap before
{Heap before GC invocations=14 (full 2):
 PSYoungGen      total 153600K, used 62270K [0x00000000e0000000, 0x00000000ec700000, 0x0000000100000000)
  eden space 139776K, 34% used [0x00000000e0000000,0x00000000e2f52140,0x00000000e8880000)
  from space 13824K, 99% used [0x00000000e8880000,0x00000000e95fd828,0x00000000e9600000)
  to   space 18432K, 0% used [0x00000000eb500000,0x00000000eb500000,0x00000000ec700000)
 ParOldGen       total 93696K, used 26816K [0x00000000a0000000, 0x00000000a5b80000, 0x00000000e0000000)
  object space 93696K, 28% used [0x00000000a0000000,0x00000000a1a301c0,0x00000000a5b80000)
 Metaspace       used 57363K, capacity 58922K, committed 59160K, reserved 1099776K
  class space    used 7824K, capacity 8201K, committed 8232K, reserved 1048576K
Event: 9.521 GC heap after
Heap after GC invocations=14 (full 2):
 PSYoungGen      total 185856K, used 4711K [0x00000000e0000000, 0x00000000ecf80000, 0x0000000100000000)
  eden space 167424K, 0% used [0x00000000e0000000,0x00000000e0000000,0x00000000ea380000)
  from space 18432K, 25% used [0x00000000eb500000,0x00000000eb999c70,0x00000000ec700000)
  to   space 17920K, 0% used [0x00000000ea380000,0x00000000ea380000,0x00000000eb500000)
 ParOldGen       total 93696K, used 35210K [0x00000000a0000000, 0x00000000a5b80000, 0x00000000e0000000)
  object space 93696K, 37% used [0x00000000a0000000,0x00000000a22628e0,0x00000000a5b80000)
 Metaspace       used 57363K, capacity 58922K, committed 59160K, reserved 1099776K
  class space    used 7824K, capacity 8201K, committed 8232K, reserved 1048576K
}
Event: 9.521 GC heap before
{Heap before GC invocations=15 (full 3):
 PSYoungGen      total 185856K, used 4711K [0x00000000e0000000, 0x00000000ecf80000, 0x0000000100000000)
  eden space 167424K, 0% used [0x00000000e0000000,0x00000000e0000000,0x00000000ea380000)
  from space 18432K, 25% used [0x00000000eb500000,0x00000000eb999c70,0x00000000ec700000)
  to   space 17920K, 0% used [0x00000000ea380000,0x00000000ea380000,0x00000000eb500000)
 ParOldGen       total 93696K, used 35210K [0x00000000a0000000, 0x00000000a5b80000, 0x00000000e0000000)
  object space 93696K, 37% used [0x00000000a0000000,0x00000000a22628e0,0x00000000a5b80000)
 Metaspace       used 57363K, capacity 58922K, committed 59160K, reserved 1099776K
  class space    used 7824K, capacity 8201K, committed 8232K, reserved 1048576K
Event: 9.792 GC heap after
Heap after GC invocations=15 (full 3):
 PSYoungGen      total 185856K, used 0K [0x00000000e0000000, 0x00000000ecf80000, 0x0000000100000000)
  eden space 167424K, 0% used [0x00000000e0000000,0x00000000e0000000,0x00000000ea380000)
  from space 18432K, 0% used [0x00000000eb500000,0x00000000eb500000,0x00000000ec700000)
  to   space 17920K, 0% used [0x00000000ea380000,0x00000000ea380000,0x00000000eb500000)
 ParOldGen       total 144896K, used 33933K [0x00000000a0000000, 0x00000000a8d80000, 0x00000000e0000000)
  object space 144896K, 23% used [0x00000000a0000000,0x00000000a21237a0,0x00000000a8d80000)
 Metaspace       used 57363K, capacity 58922K, committed 59160K, reserved 1099776K
  class space    used 7824K, capacity 8201K, committed 8232K, reserved 1048576K
}

Deoptimization events (10 events):
Event: 10.156 Thread 0x000000001d73a800 Uncommon trap: reason=bimorphic action=maybe_recompile pc=0x00000000026fedc8 method=java.util.Arrays.binarySearch0([Ljava/lang/Object;IILjava/lang/Object;Ljava/util/Comparator;)I @ 48
Event: 10.184 Thread 0x000000001fbb8000 Uncommon trap: reason=unstable_if action=reinterpret pc=0x0000000002f10eac method=java.util.concurrent.ConcurrentHashMap.get(Ljava/lang/Object;)Ljava/lang/Object; @ 86
Event: 10.193 Thread 0x000000001fbb5800 Uncommon trap: reason=class_check action=maybe_recompile pc=0x0000000003715c54 method=java.util.Collections$SetFromMap.remove(Ljava/lang/Object;)Z @ 5
Event: 10.194 Thread 0x000000001fbb8000 Uncommon trap: reason=class_check action=maybe_recompile pc=0x0000000003715c54 method=java.util.Collections$SetFromMap.remove(Ljava/lang/Object;)Z @ 5
Event: 10.194 Thread 0x000000001fbb3800 Uncommon trap: reason=class_check action=maybe_recompile pc=0x0000000003715c54 method=java.util.Collections$SetFromMap.remove(Ljava/lang/Object;)Z @ 5
Event: 10.194 Thread 0x000000001fbb7000 Uncommon trap: reason=class_check action=maybe_recompile pc=0x0000000003715c54 method=java.util.Collections$SetFromMap.remove(Ljava/lang/Object;)Z @ 5
Event: 10.579 Thread 0x00000000184fa000 Uncommon trap: reason=unstable_if action=reinterpret pc=0x00000000027a1a7c method=java.io.ObjectOutputStream$BlockDataOutputStream.drain()V @ 12
Event: 10.774 Thread 0x000000001fbb8000 Uncommon trap: reason=unstable_if action=reinterpret pc=0x0000000002beecd8 method=java.util.concurrent.ConcurrentHashMap.addCount(JI)V @ 97
Event: 11.444 Thread 0x000000001956d800 Uncommon trap: reason=unstable_if action=reinterpret pc=0x00000000029662f0 method=java.lang.String.regionMatches(ZILjava/lang/String;II)Z @ 123
Event: 11.493 Thread 0x000000001956d800 Uncommon trap: reason=unstable_if action=reinterpret pc=0x0000000003702770 method=com.google.common.collect.ImmutableCollection$ArrayBasedBuilder.getReadyToExpandTo(I)V @ 41

Classes redefined (0 events):
No events

Internal exceptions (10 events):
Event: 8.854 Thread 0x000000001956d800 Exception <a 'java/lang/ClassNotFoundException': com/sun/org/glassfish/hk2/osgiresourcelocator/ServiceLoader> (0x00000000e06e5680) thrown at [D:\src\AOSP-openjdk-cygwin\jdk8u\hotspot\src\share\vm\classfile\systemDictionary.cpp, line 210]
Event: 8.907 Thread 0x000000001956d800 Exception <a 'java/lang/NullPointerException'> (0x00000000e0bc0710) thrown at [D:\src\AOSP-openjdk-cygwin\jdk8u\hotspot\src\share\vm\interpreter\linkResolver.cpp, line 1287]
Event: 10.576 Thread 0x00000000184fa000 Exception <a 'java/lang/NoSuchMethodError': <clinit>> (0x00000000e12f7590) thrown at [D:\src\AOSP-openjdk-cygwin\jdk8u\hotspot\src\share\vm\prims\jni.cpp, line 1614]
Event: 10.578 Thread 0x00000000184fa000 Exception <a 'java/lang/NoSuchMethodError': <clinit>> (0x00000000e46301c0) thrown at [D:\src\AOSP-openjdk-cygwin\jdk8u\hotspot\src\share\vm\prims\jni.cpp, line 1614]
Event: 10.579 Thread 0x00000000184fa000 Exception <a 'java/lang/NoSuchMethodError': <clinit>> (0x00000000e463c710) thrown at [D:\src\AOSP-openjdk-cygwin\jdk8u\hotspot\src\share\vm\prims\jni.cpp, line 1614]
Event: 10.606 Thread 0x00000000184fa000 Exception <a 'java/lang/NoSuchMethodError': <clinit>> (0x00000000e4647120) thrown at [D:\src\AOSP-openjdk-cygwin\jdk8u\hotspot\src\share\vm\prims\jni.cpp, line 1614]
Event: 10.607 Thread 0x00000000184fa000 Exception <a 'java/lang/NoSuchMethodError': <clinit>> (0x00000000e4809318) thrown at [D:\src\AOSP-openjdk-cygwin\jdk8u\hotspot\src\share\vm\prims\jni.cpp, line 1614]
Event: 10.607 Thread 0x00000000184fa000 Exception <a 'java/lang/NoSuchMethodError': <clinit>> (0x00000000e480ae30) thrown at [D:\src\AOSP-openjdk-cygwin\jdk8u\hotspot\src\share\vm\prims\jni.cpp, line 1614]
Event: 10.747 Thread 0x00000000184fa000 Exception <a 'java/lang/NoSuchMethodError': <clinit>> (0x00000000e4825740) thrown at [D:\src\AOSP-openjdk-cygwin\jdk8u\hotspot\src\share\vm\prims\jni.cpp, line 1614]
Event: 11.227 Thread 0x000000001956d800 Exception <a 'java/lang/NoSuchMethodError': <clinit>> (0x00000000e4da1ef8) thrown at [D:\src\AOSP-openjdk-cygwin\jdk8u\hotspot\src\share\vm\prims\jni.cpp, line 1614]

Events (10 events):
Event: 11.577 loading class org/gradle/api/internal/tasks/compile/incremental/recomp/CurrentCompilation
Event: 11.577 loading class org/gradle/api/internal/tasks/compile/incremental/recomp/CurrentCompilation done
Event: 11.578 loading class org/gradle/api/internal/tasks/compile/incremental/recomp/RecompilationSpec
Event: 11.578 loading class org/gradle/api/internal/tasks/compile/incremental/recomp/RecompilationSpec done
Event: 11.579 loading class org/gradle/api/internal/tasks/compile/incremental/recomp/RecompilationSpec$NormalizingClassNamesSet
Event: 11.579 loading class org/gradle/api/internal/tasks/compile/incremental/recomp/RecompilationSpec$NormalizingClassNamesSet done
Event: 11.579 Executing VM operation: Deoptimize
Event: 11.580 Executing VM operation: Deoptimize done
Event: 11.581 loading class org/gradle/api/internal/tasks/compile/incremental/recomp/ClasspathEntryChangeProcessor
Event: 11.581 loading class org/gradle/api/internal/tasks/compile/incremental/recomp/ClasspathEntryChangeProcessor done


Dynamic libraries:
0x00007ff7360d0000 - 0x00007ff736101000 	C:\Program Files\Android\Android Studio\jre\bin\java.exe
0x00007ffdbc840000 - 0x00007ffdbca30000 	C:\WINDOWS\SYSTEM32\ntdll.dll
0x00007ffdbba90000 - 0x00007ffdbbb42000 	C:\WINDOWS\System32\KERNEL32.DLL
0x00007ffdb9fa0000 - 0x00007ffdba243000 	C:\WINDOWS\System32\KERNELBASE.dll
0x00007ffdbbb50000 - 0x00007ffdbbbf3000 	C:\WINDOWS\System32\ADVAPI32.dll
0x00007ffdbc760000 - 0x00007ffdbc7fe000 	C:\WINDOWS\System32\msvcrt.dll
0x00007ffdbab70000 - 0x00007ffdbac07000 	C:\WINDOWS\System32\sechost.dll
0x00007ffdba8f0000 - 0x00007ffdbaa10000 	C:\WINDOWS\System32\RPCRT4.dll
0x00007ffdbb840000 - 0x00007ffdbb9d4000 	C:\WINDOWS\System32\USER32.dll
0x00007ffdba4a0000 - 0x00007ffdba4c1000 	C:\WINDOWS\System32\win32u.dll
0x00007ffdbac10000 - 0x00007ffdbac36000 	C:\WINDOWS\System32\GDI32.dll
0x00007ffdba2b0000 - 0x00007ffdba444000 	C:\WINDOWS\System32\gdi32full.dll
0x00007ffdba850000 - 0x00007ffdba8ee000 	C:\WINDOWS\System32\msvcp_win.dll
0x00007ffdba550000 - 0x00007ffdba64a000 	C:\WINDOWS\System32\ucrtbase.dll
0x00007ffdadc60000 - 0x00007ffdadee5000 	C:\WINDOWS\WinSxS\amd64_microsoft.windows.common-controls_6595b64144ccf1df_6.0.18362.535_none_e6c3b34713100821\COMCTL32.dll
0x00007ffdbb0f0000 - 0x00007ffdbb426000 	C:\WINDOWS\System32\combase.dll
0x00007ffdba4d0000 - 0x00007ffdba550000 	C:\WINDOWS\System32\bcryptPrimitives.dll
0x00007ffdbb6e0000 - 0x00007ffdbb70e000 	C:\WINDOWS\System32\IMM32.DLL
0x0000000053e90000 - 0x0000000053f62000 	C:\Program Files\Android\Android Studio\jre\jre\bin\msvcr100.dll
0x0000000054100000 - 0x0000000054946000 	C:\Program Files\Android\Android Studio\jre\jre\bin\server\jvm.dll
0x00007ffdbac40000 - 0x00007ffdbac48000 	C:\WINDOWS\System32\PSAPI.DLL
0x00007ffda7c00000 - 0x00007ffda7c09000 	C:\WINDOWS\SYSTEM32\WSOCK32.dll
0x00007ffdb63d0000 - 0x00007ffdb63f4000 	C:\WINDOWS\SYSTEM32\WINMM.dll
0x00007ffdb21a0000 - 0x00007ffdb21aa000 	C:\WINDOWS\SYSTEM32\VERSION.dll
0x00007ffdbad00000 - 0x00007ffdbad6f000 	C:\WINDOWS\System32\WS2_32.dll
0x00007ffdb63a0000 - 0x00007ffdb63cd000 	C:\WINDOWS\SYSTEM32\WINMMBASE.dll
0x00007ffdba450000 - 0x00007ffdba49a000 	C:\WINDOWS\System32\cfgmgr32.dll
0x00007ffd9cf70000 - 0x00007ffd9cf7f000 	C:\Program Files\Android\Android Studio\jre\jre\bin\verify.dll
0x00007ffd90f90000 - 0x00007ffd90fb9000 	C:\Program Files\Android\Android Studio\jre\jre\bin\java.dll
0x00007ffd90f30000 - 0x00007ffd90f46000 	C:\Program Files\Android\Android Studio\jre\jre\bin\zip.dll
0x00007ffdbc070000 - 0x00007ffdbc755000 	C:\WINDOWS\System32\SHELL32.dll
0x00007ffdbb9e0000 - 0x00007ffdbba89000 	C:\WINDOWS\System32\shcore.dll
0x00007ffdb97f0000 - 0x00007ffdb9f6f000 	C:\WINDOWS\System32\windows.storage.dll
0x00007ffdb9790000 - 0x00007ffdb97af000 	C:\WINDOWS\System32\profapi.dll
0x00007ffdb9740000 - 0x00007ffdb978a000 	C:\WINDOWS\System32\powrprof.dll
0x00007ffdb9710000 - 0x00007ffdb9720000 	C:\WINDOWS\System32\UMPDC.dll
0x00007ffdbb710000 - 0x00007ffdbb762000 	C:\WINDOWS\System32\shlwapi.dll
0x00007ffdb9720000 - 0x00007ffdb9731000 	C:\WINDOWS\System32\kernel.appcore.dll
0x00007ffdb97d0000 - 0x00007ffdb97e7000 	C:\WINDOWS\System32\cryptsp.dll
0x00007ffd90f10000 - 0x00007ffd90f2a000 	C:\Program Files\Android\Android Studio\jre\jre\bin\net.dll
0x00007ffdaac20000 - 0x00007ffdaac36000 	C:\WINDOWS\system32\PrxerDrv.dll
0x00007ffdb8f80000 - 0x00007ffdb8fe7000 	C:\WINDOWS\system32\mswsock.dll
0x00007ffd90cf0000 - 0x00007ffd90d01000 	C:\Program Files\Android\Android Studio\jre\jre\bin\nio.dll
0x00007ffd8d940000 - 0x00007ffd8d966000 	C:\Users\kadar\.gradle\native\29\windows-amd64\native-platform.dll
0x00007ffd91210000 - 0x00007ffd9121d000 	C:\Program Files\Android\Android Studio\jre\jre\bin\management.dll
0x00007ffdb8a90000 - 0x00007ffdb8ac3000 	C:\WINDOWS\system32\rsaenh.dll
0x00007ffdb9f70000 - 0x00007ffdb9f96000 	C:\WINDOWS\System32\bcrypt.dll
0x00007ffdb9630000 - 0x00007ffdb9655000 	C:\WINDOWS\SYSTEM32\USERENV.dll
0x00007ffdb9150000 - 0x00007ffdb915c000 	C:\WINDOWS\SYSTEM32\CRYPTBASE.dll
0x00007ffdb8c90000 - 0x00007ffdb8cca000 	C:\WINDOWS\SYSTEM32\IPHLPAPI.DLL
0x00007ffdbab60000 - 0x00007ffdbab68000 	C:\WINDOWS\System32\NSI.dll
0x00007ffdb20a0000 - 0x00007ffdb20b6000 	C:\WINDOWS\SYSTEM32\dhcpcsvc6.DLL
0x00007ffdb2040000 - 0x00007ffdb205c000 	C:\WINDOWS\SYSTEM32\dhcpcsvc.DLL
0x00007ffdb8cd0000 - 0x00007ffdb8d9a000 	C:\WINDOWS\SYSTEM32\DNSAPI.dll

VM Arguments:
jvm_args: -Xmx1536m -Dfile.encoding=windows-1252 -Duser.country=IN -Duser.language=en -Duser.variant 
java_command: org.gradle.launcher.daemon.bootstrap.GradleDaemon 5.4.1
java_class_path (initial): C:\Users\kadar\.gradle\wrapper\dists\gradle-5.4.1-bin\e75iq110yv9r9wt1a6619x2xm\gradle-5.4.1\lib\gradle-launcher-5.4.1.jar
Launcher Type: SUN_STANDARD

Environment Variables:
PATH=C:\Python38\Scripts\;C:\Python38\;C:\ProgramData\Oracle\Java\.oracle_jre_usage;C:\WINDOWS\system32;C:\WINDOWS;C:\WINDOWS\System32\Wbem;C:\WINDOWS\System32\WindowsPowerShell\v1.0\;C:\WINDOWS\System32\OpenSSH\;C:\Program Files\Git\cmd;C:\Program Files\Git\mingw64\bin;C:\Program Files\Git\usr\bin;C:\Users\kadar\AppData\Local\Microsoft\WindowsApps;
USERNAME=Shivangi
OS=Windows_NT
PROCESSOR_IDENTIFIER=Intel64 Family 6 Model 58 Stepping 9, GenuineIntel



---------------  S Y S T E M  ---------------

OS: Windows 10.0 , 64 bit Build 18362 (10.0.18362.329)

CPU:total 8 (initial active 8) (4 cores per cpu, 2 threads per core) family 6 model 58 stepping 9, cmov, cx8, fxsr, mmx, sse, sse2, sse3, ssse3, sse4.1, sse4.2, popcnt, avx, aes, clmul, erms, ht, tsc, tscinvbit, tscinv

Memory: 4k page, physical 8334620k(869296k free), swap 9383196k(7892k free)

vm_info: OpenJDK 64-Bit Server VM (25.202-b03) for windows-amd64 JRE (1.8.0_202-release-1483-b03), built by "builder" with MS VC++ 10.0 (VS2010)

time: Tue Dec 24 19:54:41 2019
timezone: India Standard Time
elapsed time: 11 seconds (0d 0h 0m 11s)

