#
# There is insufficient memory for the Java Runtime Environment to continue.
# Native memory allocation (malloc) failed to allocate 1090896 bytes for Chunk::new
# Possible reasons:
#   The system is out of physical RAM or swap space
#   The process is running with CompressedOops enabled, and the Java Heap may be blocking the growth of the native heap
# Possible solutions:
#   Reduce memory load on the system
#   Increase physical memory or swap space
#   Check if swap backing store is full
#   Decrease Java heap size (-Xmx/-Xms)
#   Decrease number of Java threads
#   Decrease Java thread stack sizes (-Xss)
#   Set larger code cache with -XX:ReservedCodeCacheSize=
#   JVM is running with Unscaled Compressed Oops mode in which the Java heap is
#     placed in the first 4GB address space. The Java Heap base address is the
#     maximum limit for the native heap growth. Please use -XX:HeapBaseMinAddress
#     to set the Java Heap base and to place the Java Heap above 4GB virtual address.
# This output file may be truncated or incomplete.
#
#  Out of Memory Error (allocation.cpp:389), pid=2768, tid=0x0000000000000690
#
# JRE version: OpenJDK Runtime Environment (8.0_202-b03) (build 1.8.0_202-release-1483-b03)
# Java VM: OpenJDK 64-Bit Server VM (25.202-b03 mixed mode windows-amd64 compressed oops)
# Failed to write core dump. Minidumps are not enabled by default on client versions of Windows
#

---------------  T H R E A D  ---------------

Current thread (0x000000001676e000):  JavaThread "C2 CompilerThread2" daemon [_thread_in_native, id=1680, stack(0x0000000019040000,0x0000000019140000)]

Stack: [0x0000000019040000,0x0000000019140000]
[error occurred during error reporting (printing stack bounds), id 0xc0000005]

Native frames: (J=compiled Java code, j=interpreted, Vv=VM code, C=native code)


Current CompileTask:
C2: 969960 14288       4       com.android.tools.r8.graph.DexMethod::b (34 bytes)


---------------  P R O C E S S  ---------------

Java Threads: ( => current thread )
  0x000000001ff75000 JavaThread "ForkJoinPool-5-worker-0" daemon [_thread_blocked, id=3608, stack(0x0000000029810000,0x0000000029910000)]
  0x000000001ff71800 JavaThread "ForkJoinPool-5-worker-7" daemon [_thread_blocked, id=6568, stack(0x0000000029710000,0x0000000029810000)]
  0x000000001ff70800 JavaThread "ForkJoinPool-5-worker-6" daemon [_thread_blocked, id=2252, stack(0x0000000029610000,0x0000000029710000)]
  0x000000001ff73800 JavaThread "ForkJoinPool-5-worker-5" daemon [_thread_blocked, id=15164, stack(0x0000000029510000,0x0000000029610000)]
  0x000000001ff72000 JavaThread "ForkJoinPool-5-worker-4" daemon [_thread_blocked, id=14820, stack(0x0000000029410000,0x0000000029510000)]
  0x000000001ff73000 JavaThread "ForkJoinPool-5-worker-3" daemon [_thread_in_Java, id=2900, stack(0x0000000029310000,0x0000000029410000)]
  0x000000001ff69000 JavaThread "ForkJoinPool-5-worker-2" daemon [_thread_blocked, id=5452, stack(0x0000000029210000,0x0000000029310000)]
  0x000000001ff70000 JavaThread "ForkJoinPool-5-worker-1" daemon [_thread_blocked, id=456, stack(0x0000000029110000,0x0000000029210000)]
  0x000000001ff6d800 JavaThread "WorkerExecutor Queue Thread 6" [_thread_blocked, id=1500, stack(0x0000000028c90000,0x0000000028d90000)]
  0x000000001ff68000 JavaThread "WorkerExecutor Queue Thread 5" [_thread_blocked, id=15712, stack(0x0000000028590000,0x0000000028690000)]
  0x000000001ff6f000 JavaThread "WorkerExecutor Queue Thread 4" [_thread_blocked, id=15776, stack(0x0000000028490000,0x0000000028590000)]
  0x000000001ff67800 JavaThread "WorkerExecutor Queue Thread 3" [_thread_blocked, id=3028, stack(0x0000000028390000,0x0000000028490000)]
  0x000000001ff6e800 JavaThread "WorkerExecutor Queue Thread 2" [_thread_blocked, id=11944, stack(0x0000000028290000,0x0000000028390000)]
  0x000000001ff66800 JavaThread "WorkerExecutor Queue" [_thread_blocked, id=9660, stack(0x0000000028190000,0x0000000028290000)]
  0x000000001ff6d000 JavaThread "ForkJoinPool.commonPool-worker-0" daemon [_thread_blocked, id=15128, stack(0x0000000028090000,0x0000000028190000)]
  0x000000001ff6c000 JavaThread "ForkJoinPool.commonPool-worker-7" daemon [_thread_blocked, id=2760, stack(0x0000000027f90000,0x0000000028090000)]
  0x000000001ff6a000 JavaThread "ForkJoinPool.commonPool-worker-6" daemon [_thread_blocked, id=6220, stack(0x0000000027e90000,0x0000000027f90000)]
  0x000000001ff66000 JavaThread "ForkJoinPool.commonPool-worker-5" daemon [_thread_blocked, id=9676, stack(0x0000000027d90000,0x0000000027e90000)]
  0x000000001ff6b800 JavaThread "ForkJoinPool.commonPool-worker-4" daemon [_thread_blocked, id=7528, stack(0x0000000027c90000,0x0000000027d90000)]
  0x000000001ff6a800 JavaThread "ForkJoinPool.commonPool-worker-3" daemon [_thread_blocked, id=2544, stack(0x0000000027b90000,0x0000000027c90000)]
  0x0000000021d08800 JavaThread "Cache worker for Java compile cache (C:\Users\kadar\AndroidStudioProjects\FoodOrdering\.gradle\5.4.1\javaCompile)" [_thread_blocked, id=5280, stack(0x00000000262d0000,0x00000000263d0000)]
  0x0000000021d08000 JavaThread "Cache worker for Java compile cache (C:\Users\kadar\.gradle\caches\5.4.1\javaCompile)" [_thread_blocked, id=13368, stack(0x00000000261d0000,0x00000000262d0000)]
  0x0000000021d0b000 JavaThread "Cache worker for execution history cache (C:\Users\kadar\AndroidStudioProjects\FoodOrdering\.gradle\5.4.1\executionHistory)" [_thread_blocked, id=15152, stack(0x0000000025e10000,0x0000000025f10000)]
  0x0000000021d05800 JavaThread "Execution worker for ':' Thread 7" [_thread_blocked, id=2460, stack(0x0000000025d10000,0x0000000025e10000)]
  0x0000000021d07000 JavaThread "Execution worker for ':' Thread 6" [_thread_blocked, id=2220, stack(0x0000000025c10000,0x0000000025d10000)]
  0x0000000021d0a000 JavaThread "Execution worker for ':' Thread 5" [_thread_blocked, id=2808, stack(0x0000000025b10000,0x0000000025c10000)]
  0x0000000021d0c800 JavaThread "Execution worker for ':' Thread 4" [_thread_blocked, id=4660, stack(0x0000000025a10000,0x0000000025b10000)]
  0x0000000021d05000 JavaThread "Execution worker for ':' Thread 3" [_thread_blocked, id=1624, stack(0x0000000025310000,0x0000000025410000)]
  0x0000000021cfd000 JavaThread "Execution worker for ':' Thread 2" [_thread_blocked, id=1704, stack(0x0000000024e10000,0x0000000024f10000)]
  0x0000000021d04000 JavaThread "Execution worker for ':'" [_thread_blocked, id=13540, stack(0x0000000024910000,0x0000000024a10000)]
  0x0000000021d01000 JavaThread "Cache worker for file content cache (C:\Users\kadar\AndroidStudioProjects\FoodOrdering\.gradle\5.4.1\fileContent)" [_thread_blocked, id=15188, stack(0x0000000024710000,0x0000000024810000)]
  0x0000000021d00800 JavaThread "Cache worker for Build Output Cleanup Cache (C:\Users\kadar\AndroidStudioProjects\FoodOrdering\.gradle\buildOutputCleanup)" [_thread_blocked, id=7504, stack(0x00000000241f0000,0x00000000242f0000)]
  0x0000000021cff800 JavaThread "pool-6-thread-1" [_thread_blocked, id=1884, stack(0x00000000237c0000,0x00000000238c0000)]
  0x0000000021d03800 JavaThread "Build operations Thread 8" [_thread_blocked, id=8784, stack(0x0000000023450000,0x0000000023550000)]
  0x0000000021cfe000 JavaThread "Build operations Thread 7" [_thread_blocked, id=2300, stack(0x0000000023350000,0x0000000023450000)]
  0x0000000021cff000 JavaThread "Build operations Thread 6" [_thread_blocked, id=2512, stack(0x0000000023250000,0x0000000023350000)]
  0x000000001d944000 JavaThread "Build operations Thread 5" [_thread_blocked, id=2448, stack(0x0000000023150000,0x0000000023250000)]
  0x000000001d942800 JavaThread "Build operations Thread 4" [_thread_blocked, id=9332, stack(0x0000000023050000,0x0000000023150000)]
  0x000000001d941000 JavaThread "Build operations Thread 3" [_thread_blocked, id=15932, stack(0x0000000022f50000,0x0000000023050000)]
  0x000000001d945000 JavaThread "Build operations Thread 2" [_thread_blocked, id=8936, stack(0x0000000022e50000,0x0000000022f50000)]
  0x000000001d93f800 JavaThread "Build operations" [_thread_blocked, id=14544, stack(0x0000000022d50000,0x0000000022e50000)]
  0x000000001d938000 JavaThread "Cache worker for cache directory md-rule (C:\Users\kadar\.gradle\caches\5.4.1\md-rule)" [_thread_blocked, id=14244, stack(0x0000000022850000,0x0000000022950000)]
  0x000000001d93e000 JavaThread "Cache worker for cache directory md-supplier (C:\Users\kadar\.gradle\caches\5.4.1\md-supplier)" [_thread_blocked, id=11832, stack(0x0000000021030000,0x0000000021130000)]
  0x000000001d93d800 JavaThread "Cache worker for file hash cache (C:\Users\kadar\AndroidStudioProjects\FoodOrdering\.gradle\5.4.1\fileHashes)" [_thread_blocked, id=5936, stack(0x0000000020a40000,0x0000000020b40000)]
  0x000000001d936000 JavaThread "Thread-96" [_thread_blocked, id=15172, stack(0x000000001f500000,0x000000001f600000)]
  0x000000001d939000 JavaThread "Stdin handler" [_thread_blocked, id=9004, stack(0x000000001bd90000,0x000000001be90000)]
  0x000000001d93c800 JavaThread "Asynchronous log dispatcher for DefaultDaemonConnection: socket connection from /127.0.0.1:65256 to /127.0.0.1:49820" [_thread_blocked, id=15792, stack(0x000000001ba90000,0x000000001bb90000)]
  0x000000001d93c000 JavaThread "Daemon worker Thread 3" [_thread_blocked, id=13476, stack(0x000000001b590000,0x000000001b690000)]
  0x000000001d937800 JavaThread "Cancel handler" [_thread_blocked, id=5352, stack(0x0000000002560000,0x0000000002660000)]
  0x000000001d93b000 JavaThread "Handler for socket connection from /127.0.0.1:65256 to /127.0.0.1:49820" [_thread_in_native, id=7620, stack(0x0000000000bd0000,0x0000000000cd0000)]
  0x000000001d936800 JavaThread "Daemon Thread 3" [_thread_blocked, id=11568, stack(0x0000000000ad0000,0x0000000000bd0000)]
  0x0000000021d02000 JavaThread "Cache worker for file content cache (C:\Users\kadar\.gradle\caches\5.4.1\fileContent)" [_thread_blocked, id=12360, stack(0x0000000024f10000,0x0000000025010000)]
  0x000000001d93f000 JavaThread "Memory manager" [_thread_blocked, id=16264, stack(0x0000000023ac0000,0x0000000023bc0000)]
  0x000000001d93a800 JavaThread "Cache worker for execution history cache (C:\Users\kadar\.gradle\caches\5.4.1\executionHistory)" [_thread_blocked, id=6288, stack(0x0000000021130000,0x0000000021230000)]
  0x0000000019796000 JavaThread "Cache worker for journal cache (C:\Users\kadar\.gradle\caches\journal-1)" [_thread_blocked, id=2496, stack(0x000000001d060000,0x000000001d160000)]
  0x0000000019793800 JavaThread "File lock request listener" [_thread_in_native, id=15600, stack(0x000000001cf60000,0x000000001d060000)]
  0x0000000019795000 JavaThread "Cache worker for file hash cache (C:\Users\kadar\.gradle\caches\5.4.1\fileHashes)" [_thread_blocked, id=8728, stack(0x000000001ce60000,0x000000001cf60000)]
  0x0000000019481000 JavaThread "Daemon periodic checks" [_thread_blocked, id=16176, stack(0x000000001b490000,0x000000001b590000)]
  0x0000000019497000 JavaThread "Incoming local TCP Connector on port 65256" [_thread_in_native, id=12140, stack(0x000000001b250000,0x000000001b350000)]
  0x000000001ab99800 JavaThread "Daemon health stats" [_thread_blocked, id=3928, stack(0x000000001ac10000,0x000000001ad10000)]
  0x0000000018607000 JavaThread "Service Thread" daemon [_thread_blocked, id=6996, stack(0x0000000019240000,0x0000000019340000)]
  0x000000001857b000 JavaThread "C1 CompilerThread3" daemon [_thread_blocked, id=13936, stack(0x0000000019140000,0x0000000019240000)]
=>0x000000001676e000 JavaThread "C2 CompilerThread2" daemon [_thread_in_native, id=1680, stack(0x0000000019040000,0x0000000019140000)]
  0x0000000018572000 JavaThread "C2 CompilerThread1" daemon [_thread_in_native, id=15764, stack(0x0000000018f40000,0x0000000019040000)]
  0x000000001856b000 JavaThread "C2 CompilerThread0" daemon [_thread_in_native, id=2712, stack(0x0000000018e40000,0x0000000018f40000)]
  0x0000000018576800 JavaThread "Attach Listener" daemon [_thread_blocked, id=2352, stack(0x0000000018d40000,0x0000000018e40000)]
  0x0000000018575000 JavaThread "Signal Dispatcher" daemon [_thread_blocked, id=6148, stack(0x0000000018c40000,0x0000000018d40000)]
  0x000000000299b800 JavaThread "Finalizer" daemon [_thread_blocked, id=5744, stack(0x0000000018a40000,0x0000000018b40000)]
  0x0000000018560800 JavaThread "Reference Handler" daemon [_thread_blocked, id=15908, stack(0x0000000018940000,0x0000000018a40000)]
  0x000000000289e000 JavaThread "main" [_thread_blocked, id=10076, stack(0x00000000026c0000,0x00000000027c0000)]

Other Threads:
  0x0000000016756800 VMThread [stack: 0x0000000018440000,0x0000000018540000] [id=13060]
  0x0000000018608000 WatcherThread [stack: 0x0000000019340000,0x0000000019440000] [id=15232]

VM state:not at safepoint (normal execution)

VM Mutex/Monitor currently owned by a thread: None

heap address: 0x00000000a0000000, size: 1536 MB, Compressed Oops mode: 32-bit
Narrow klass base: 0x0000000000000000, Narrow klass shift: 3
Compressed class space size: 1073741824 Address: 0x0000000100000000

Heap:
 PSYoungGen      total 211968K, used 43604K [0x00000000e0000000, 0x00000000eed00000, 0x0000000100000000)
  eden space 181248K, 7% used [0x00000000e0000000,0x00000000e0c98808,0x00000000eb100000)
  from space 30720K, 99% used [0x00000000eb100000,0x00000000ecefc848,0x00000000ecf00000)
  to   space 25088K, 0% used [0x00000000ecf00000,0x00000000ecf00000,0x00000000ee780000)
 ParOldGen       total 141824K, used 85827K [0x00000000a0000000, 0x00000000a8a80000, 0x00000000e0000000)
  object space 141824K, 60% used [0x00000000a0000000,0x00000000a53d0d38,0x00000000a8a80000)
 Metaspace       used 85655K, capacity 89838K, committed 89944K, reserved 1126400K
  class space    used 11457K, capacity 12311K, committed 12416K, reserved 1048576K

Card table byte_map: [0x0000000011d60000,0x0000000012070000] byte_map_base: 0x0000000011860000

Marking Bits: (ParMarkBitMap*) 0x000000006e179f30
 Begin Bits: [0x0000000012a70000, 0x0000000014270000)
 End Bits:   [0x0000000014270000, 0x0000000015a70000)

Polling page: 0x0000000000ea0000

CodeCache: size=245760Kb used=38387Kb max_used=38387Kb free=207372Kb
 bounds [0x00000000029a0000, 0x0000000004f50000, 0x00000000119a0000]
 total_blobs=12944 nmethods=12076 adapters=780
 compilation: enabled

Compilation events (10 events):
Event: 969.913 Thread 0x000000001857b000 14357       2       com.android.tools.r8.graph.ObjectToOffsetMapping::a (35 bytes)
Event: 969.913 Thread 0x000000001857b000 nmethod 14357 0x0000000004f3c990 code [0x0000000004f3cb20, 0x0000000004f3cd28]
Event: 969.913 Thread 0x000000001857b000 14358       2       com.android.tools.r8.graph.LazyLoadedDexApplication::a (55 bytes)
Event: 969.914 Thread 0x000000001857b000 nmethod 14358 0x0000000004f3c590 code [0x0000000004f3c700, 0x0000000004f3c8a8]
Event: 969.915 Thread 0x000000001857b000 14361 %     3       com.android.tools.r8.n.a.a.a.h.L0::a @ 73 (109 bytes)
Event: 969.915 Thread 0x000000001857b000 nmethod 14361% 0x0000000004f3bad0 code [0x0000000004f3bc80, 0x0000000004f3c1e8]
Event: 969.915 Thread 0x000000001857b000 14362       3       com.android.tools.r8.n.a.a.a.h.L0::a (109 bytes)
Event: 969.916 Thread 0x000000001857b000 nmethod 14362 0x0000000004f3b110 code [0x0000000004f3b2c0, 0x0000000004f3b7a8]
Event: 969.933 Thread 0x000000001857b000 14364       2       com.android.tools.r8.graph.DexProto::compareTo (9 bytes)
Event: 969.933 Thread 0x000000001857b000 nmethod 14364 0x0000000004f3acd0 code [0x0000000004f3ae40, 0x0000000004f3afe8]

GC Heap History (10 events):
Event: 34.417 GC heap before
{Heap before GC invocations=16 (full 3):
 PSYoungGen      total 191488K, used 172544K [0x00000000e0000000, 0x00000000eda80000, 0x0000000100000000)
  eden space 172544K, 100% used [0x00000000e0000000,0x00000000ea880000,0x00000000ea880000)
  from space 18944K, 0% used [0x00000000ebb00000,0x00000000ebb00000,0x00000000ecd80000)
  to   space 18944K, 0% used [0x00000000ea880000,0x00000000ea880000,0x00000000ebb00000)
 ParOldGen       total 141824K, used 33997K [0x00000000a0000000, 0x00000000a8a80000, 0x00000000e0000000)
  object space 141824K, 23% used [0x00000000a0000000,0x00000000a21335a0,0x00000000a8a80000)
 Metaspace       used 64367K, capacity 66768K, committed 66904K, reserved 1107968K
  class space    used 8582K, capacity 9084K, committed 9088K, reserved 1048576K
Event: 34.435 GC heap after
Heap after GC invocations=16 (full 3):
 PSYoungGen      total 191488K, used 14168K [0x00000000e0000000, 0x00000000ee980000, 0x0000000100000000)
  eden space 172544K, 0% used [0x00000000e0000000,0x00000000e0000000,0x00000000ea880000)
  from space 18944K, 74% used [0x00000000ea880000,0x00000000eb6560b8,0x00000000ebb00000)
  to   space 19968K, 0% used [0x00000000ed600000,0x00000000ed600000,0x00000000ee980000)
 ParOldGen       total 141824K, used 34005K [0x00000000a0000000, 0x00000000a8a80000, 0x00000000e0000000)
  object space 141824K, 23% used [0x00000000a0000000,0x00000000a21355a0,0x00000000a8a80000)
 Metaspace       used 64367K, capacity 66768K, committed 66904K, reserved 1107968K
  class space    used 8582K, capacity 9084K, committed 9088K, reserved 1048576K
}
Event: 42.920 GC heap before
{Heap before GC invocations=17 (full 3):
 PSYoungGen      total 191488K, used 186636K [0x00000000e0000000, 0x00000000ee980000, 0x0000000100000000)
  eden space 172544K, 99% used [0x00000000e0000000,0x00000000ea86d0f0,0x00000000ea880000)
  from space 18944K, 74% used [0x00000000ea880000,0x00000000eb6560b8,0x00000000ebb00000)
  to   space 19968K, 0% used [0x00000000ed600000,0x00000000ed600000,0x00000000ee980000)
 ParOldGen       total 141824K, used 34381K [0x00000000a0000000, 0x00000000a8a80000, 0x00000000e0000000)
  object space 141824K, 24% used [0x00000000a0000000,0x00000000a2193538,0x00000000a8a80000)
 Metaspace       used 67794K, capacity 70592K, committed 70872K, reserved 1110016K
  class space    used 9021K, capacity 9638K, committed 9728K, reserved 1048576K
Event: 42.940 GC heap after
Heap after GC invocations=17 (full 3):
 PSYoungGen      total 212992K, used 19964K [0x00000000e0000000, 0x00000000ef180000, 0x0000000100000000)
  eden space 193024K, 0% used [0x00000000e0000000,0x00000000e0000000,0x00000000ebc80000)
  from space 19968K, 99% used [0x00000000ed600000,0x00000000ee97f160,0x00000000ee980000)
  to   space 26112K, 0% used [0x00000000ebc80000,0x00000000ebc80000,0x00000000ed600000)
 ParOldGen       total 141824K, used 43686K [0x00000000a0000000, 0x00000000a8a80000, 0x00000000e0000000)
  object space 141824K, 30% used [0x00000000a0000000,0x00000000a2aa99d0,0x00000000a8a80000)
 Metaspace       used 67794K, capacity 70592K, committed 70872K, reserved 1110016K
  class space    used 9021K, capacity 9638K, committed 9728K, reserved 1048576K
}
Event: 963.467 GC heap before
{Heap before GC invocations=18 (full 3):
 PSYoungGen      total 212992K, used 212988K [0x00000000e0000000, 0x00000000ef180000, 0x0000000100000000)
  eden space 193024K, 100% used [0x00000000e0000000,0x00000000ebc80000,0x00000000ebc80000)
  from space 19968K, 99% used [0x00000000ed600000,0x00000000ee97f160,0x00000000ee980000)
  to   space 26112K, 0% used [0x00000000ebc80000,0x00000000ebc80000,0x00000000ed600000)
 ParOldGen       total 141824K, used 43688K [0x00000000a0000000, 0x00000000a8a80000, 0x00000000e0000000)
  object space 141824K, 30% used [0x00000000a0000000,0x00000000a2aaa300,0x00000000a8a80000)
 Metaspace       used 71090K, capacity 74242K, committed 74328K, reserved 1114112K
  class space    used 9455K, capacity 10095K, committed 10112K, reserved 1048576K
Event: 963.498 GC heap after
Heap after GC invocations=18 (full 3):
 PSYoungGen      total 200192K, used 13088K [0x00000000e0000000, 0x00000000ee780000, 0x0000000100000000)
  eden space 186880K, 0% used [0x00000000e0000000,0x00000000e0000000,0x00000000eb680000)
  from space 13312K, 98% used [0x00000000ebc80000,0x00000000ec948010,0x00000000ec980000)
  to   space 25088K, 0% used [0x00000000ecf00000,0x00000000ecf00000,0x00000000ee780000)
 ParOldGen       total 141824K, used 50242K [0x00000000a0000000, 0x00000000a8a80000, 0x00000000e0000000)
  object space 141824K, 35% used [0x00000000a0000000,0x00000000a3110a50,0x00000000a8a80000)
 Metaspace       used 71090K, capacity 74242K, committed 74328K, reserved 1114112K
  class space    used 9455K, capacity 10095K, committed 10112K, reserved 1048576K
}
Event: 966.365 GC heap before
{Heap before GC invocations=19 (full 3):
 PSYoungGen      total 200192K, used 199968K [0x00000000e0000000, 0x00000000ee780000, 0x0000000100000000)
  eden space 186880K, 100% used [0x00000000e0000000,0x00000000eb680000,0x00000000eb680000)
  from space 13312K, 98% used [0x00000000ebc80000,0x00000000ec948010,0x00000000ec980000)
  to   space 25088K, 0% used [0x00000000ecf00000,0x00000000ecf00000,0x00000000ee780000)
 ParOldGen       total 141824K, used 50243K [0x00000000a0000000, 0x00000000a8a80000, 0x00000000e0000000)
  object space 141824K, 35% used [0x00000000a0000000,0x00000000a3110d10,0x00000000a8a80000)
 Metaspace       used 77918K, capacity 81218K, committed 81368K, reserved 1120256K
  class space    used 10230K, capacity 10893K, committed 11008K, reserved 1048576K
Event: 966.404 GC heap after
Heap after GC invocations=19 (full 3):
 PSYoungGen      total 206336K, used 25081K [0x00000000e0000000, 0x00000000eed00000, 0x0000000100000000)
  eden space 181248K, 0% used [0x00000000e0000000,0x00000000e0000000,0x00000000eb100000)
  from space 25088K, 99% used [0x00000000ecf00000,0x00000000ee77e740,0x00000000ee780000)
  to   space 30720K, 0% used [0x00000000eb100000,0x00000000eb100000,0x00000000ecf00000)
 ParOldGen       total 141824K, used 54983K [0x00000000a0000000, 0x00000000a8a80000, 0x00000000e0000000)
  object space 141824K, 38% used [0x00000000a0000000,0x00000000a35b1fe8,0x00000000a8a80000)
 Metaspace       used 77918K, capacity 81218K, committed 81368K, reserved 1120256K
  class space    used 10230K, capacity 10893K, committed 11008K, reserved 1048576K
}
Event: 969.281 GC heap before
{Heap before GC invocations=20 (full 3):
 PSYoungGen      total 206336K, used 206329K [0x00000000e0000000, 0x00000000eed00000, 0x0000000100000000)
  eden space 181248K, 100% used [0x00000000e0000000,0x00000000eb100000,0x00000000eb100000)
  from space 25088K, 99% used [0x00000000ecf00000,0x00000000ee77e740,0x00000000ee780000)
  to   space 30720K, 0% used [0x00000000eb100000,0x00000000eb100000,0x00000000ecf00000)
 ParOldGen       total 141824K, used 55044K [0x00000000a0000000, 0x00000000a8a80000, 0x00000000e0000000)
  object space 141824K, 38% used [0x00000000a0000000,0x00000000a35c13c8,0x00000000a8a80000)
 Metaspace       used 85582K, capacity 89768K, committed 89944K, reserved 1126400K
  class space    used 11455K, capacity 12310K, committed 12416K, reserved 1048576K
Event: 969.380 GC heap after
Heap after GC invocations=20 (full 3):
 PSYoungGen      total 211968K, used 30706K [0x00000000e0000000, 0x00000000eed00000, 0x0000000100000000)
  eden space 181248K, 0% used [0x00000000e0000000,0x00000000e0000000,0x00000000eb100000)
  from space 30720K, 99% used [0x00000000eb100000,0x00000000ecefc848,0x00000000ecf00000)
  to   space 25088K, 0% used [0x00000000ecf00000,0x00000000ecf00000,0x00000000ee780000)
 ParOldGen       total 141824K, used 85827K [0x00000000a0000000, 0x00000000a8a80000, 0x00000000e0000000)
  object space 141824K, 60% used [0x00000000a0000000,0x00000000a53d0d38,0x00000000a8a80000)
 Metaspace       used 85582K, capacity 89768K, committed 89944K, reserved 1126400K
  class space    used 11455K, capacity 12310K, committed 12416K, reserved 1048576K
}

Deoptimization events (10 events):
Event: 969.102 Thread 0x000000001ff68000 Uncommon trap: reason=array_check action=maybe_recompile pc=0x00000000032c2c58 method=java.util.TimSort.reverseRange([Ljava/lang/Object;II)V @ 20
Event: 969.102 Thread 0x000000001ff68000 Uncommon trap: reason=array_check action=maybe_recompile pc=0x00000000032c2c58 method=java.util.TimSort.reverseRange([Ljava/lang/Object;II)V @ 20
Event: 969.244 Thread 0x000000001ff68000 Uncommon trap: reason=array_check action=maybe_recompile pc=0x0000000004ebf100 method=java.util.TimSort.reverseRange([Ljava/lang/Object;II)V @ 27
Event: 969.244 Thread 0x000000001ff68000 Uncommon trap: reason=array_check action=maybe_recompile pc=0x0000000004ebf100 method=java.util.TimSort.reverseRange([Ljava/lang/Object;II)V @ 27
Event: 969.391 Thread 0x000000001ff68000 Uncommon trap: reason=predicate action=maybe_recompile pc=0x0000000004e9d128 method=com.android.tools.r8.graph.DexItem.a([Lcom/android/tools/r8/graph/DexItem;Ljava/util/function/Consumer;)V @ 15
Event: 969.910 Thread 0x000000001ff73000 Uncommon trap: reason=bimorphic action=maybe_recompile pc=0x0000000004e75824 method=java.util.TimSort.mergeHi(IIII)V @ 227
Event: 969.911 Thread 0x000000001ff73000 Uncommon trap: reason=bimorphic action=maybe_recompile pc=0x0000000004e75824 method=java.util.TimSort.mergeHi(IIII)V @ 227
Event: 969.912 Thread 0x000000001ff73000 Uncommon trap: reason=bimorphic action=maybe_recompile pc=0x0000000004e75824 method=java.util.TimSort.mergeHi(IIII)V @ 227
Event: 969.912 Thread 0x000000001ff73000 Uncommon trap: reason=bimorphic action=maybe_recompile pc=0x0000000004e75824 method=java.util.TimSort.mergeHi(IIII)V @ 227
Event: 969.913 Thread 0x000000001ff73000 Uncommon trap: reason=bimorphic action=maybe_recompile pc=0x00000000042e2ab8 method=java.util.TimSort.mergeHi(IIII)V @ 227

Classes redefined (0 events):
No events

Internal exceptions (10 events):
Event: 966.719 Thread 0x000000001ff6e800 Exception <a 'java/lang/NoSuchMethodError': java.lang.Object.lambda$and$0(Ljava/util/function/Predicate;Ljava/lang/Object;)Z> (0x00000000e2ce2ce0) thrown at [D:\src\AOSP-openjdk-cygwin\jdk8u\hotspot\src\share\vm\interpreter\linkResolver.cpp, line 620]
Event: 966.719 Thread 0x000000001ff66800 Exception <a 'java/lang/NoSuchMethodError': java.lang.Object.lambda$and$0(Ljava/util/function/Predicate;Ljava/lang/Object;)Z> (0x00000000e2df7348) thrown at [D:\src\AOSP-openjdk-cygwin\jdk8u\hotspot\src\share\vm\interpreter\linkResolver.cpp, line 620]
Event: 966.791 Thread 0x000000001ff6e800 Exception <a 'sun/nio/fs/WindowsException'> (0x00000000e371a4b0) thrown at [D:\src\AOSP-openjdk-cygwin\jdk8u\hotspot\src\share\vm\prims\jni.cpp, line 710]
Event: 967.110 Thread 0x000000001ff6e800 Exception <a 'java/lang/NoSuchMethodError': java.lang.Object.lambda$maxBy$1(Ljava/util/Comparator;Ljava/lang/Object;Ljava/lang/Object;)Ljava/lang/Object;> (0x00000000e44bfc28) thrown at [D:\src\AOSP-openjdk-cygwin\jdk8u\hotspot\src\share\vm\interpreter\li
Event: 967.513 Thread 0x000000001ff6e800 Exception <a 'sun/nio/fs/WindowsException'> (0x00000000e5466f88) thrown at [D:\src\AOSP-openjdk-cygwin\jdk8u\hotspot\src\share\vm\prims\jni.cpp, line 710]
Event: 967.642 Thread 0x0000000021d07000 Exception <a 'java/lang/NoSuchMethodError': <clinit>> (0x00000000e57b1b18) thrown at [D:\src\AOSP-openjdk-cygwin\jdk8u\hotspot\src\share\vm\prims\jni.cpp, line 1614]
Event: 968.015 Thread 0x000000001ff68000 Exception <a 'sun/nio/fs/WindowsException'> (0x00000000e5fe3078) thrown at [D:\src\AOSP-openjdk-cygwin\jdk8u\hotspot\src\share\vm\prims\jni.cpp, line 710]
Event: 968.261 Thread 0x000000001ff70800 Implicit null exception at 0x0000000003ca186f to 0x0000000003ca1961
Event: 968.261 Thread 0x000000001ff75000 Implicit null exception at 0x0000000003ca186f to 0x0000000003ca1961
Event: 968.261 Thread 0x000000001ff71800 Implicit null exception at 0x0000000003ca186f to 0x0000000003ca1961

Events (10 events):
Event: 969.912 Thread 0x000000001ff73000 Uncommon trap: trap_request=0xffffffc6 fr.pc=0x0000000004e75824
Event: 969.912 Thread 0x000000001ff73000 DEOPT PACKING pc=0x0000000004e75824 sp=0x000000002940e830
Event: 969.912 Thread 0x000000001ff73000 DEOPT UNPACKING pc=0x00000000029e557b sp=0x000000002940e820 mode 2
Event: 969.913 Thread 0x000000001ff73000 Uncommon trap: trap_request=0xffffffc6 fr.pc=0x00000000042e2ab8
Event: 969.913 Thread 0x000000001ff73000 DEOPT PACKING pc=0x00000000042e2ab8 sp=0x000000002940e820
Event: 969.913 Thread 0x000000001ff73000 DEOPT UNPACKING pc=0x00000000029e557b sp=0x000000002940e820 mode 2
Event: 969.916 Thread 0x000000001ff73000 DEOPT PACKING pc=0x0000000004f11ef1 sp=0x000000002940e700
Event: 969.916 Thread 0x000000001ff73000 DEOPT UNPACKING pc=0x00000000029e75d0 sp=0x000000002940e428 mode 0
Event: 969.916 Thread 0x000000001ff73000 DEOPT PACKING pc=0x0000000004f11ef1 sp=0x000000002940e810
Event: 969.916 Thread 0x000000001ff73000 DEOPT UNPACKING pc=0x00000000029e75d0 sp=0x000000002940e538 mode 0


Dynamic libraries:
0x00007ff7a7df0000 - 0x00007ff7a7e21000 	C:\Program Files\Android\Android Studio\jre\bin\java.exe
0x00007ffe77fe0000 - 0x00007ffe781d0000 	C:\WINDOWS\SYSTEM32\ntdll.dll
0x00007ffe76dc0000 - 0x00007ffe76e72000 	C:\WINDOWS\System32\KERNEL32.DLL
0x00007ffe75310000 - 0x00007ffe755b3000 	C:\WINDOWS\System32\KERNELBASE.dll
0x00007ffe76c20000 - 0x00007ffe76cc3000 	C:\WINDOWS\System32\ADVAPI32.dll
0x00007ffe77130000 - 0x00007ffe771ce000 	C:\WINDOWS\System32\msvcrt.dll
0x00007ffe76500000 - 0x00007ffe76597000 	C:\WINDOWS\System32\sechost.dll
0x00007ffe765c0000 - 0x00007ffe766e0000 	C:\WINDOWS\System32\RPCRT4.dll
0x00007ffe76f90000 - 0x00007ffe77123000 	C:\WINDOWS\System32\USER32.dll
0x00007ffe75d70000 - 0x00007ffe75d91000 	C:\WINDOWS\System32\win32u.dll
0x00007ffe76d90000 - 0x00007ffe76db6000 	C:\WINDOWS\System32\GDI32.dll
0x00007ffe75ef0000 - 0x00007ffe76084000 	C:\WINDOWS\System32\gdi32full.dll
0x00007ffe75170000 - 0x00007ffe7520e000 	C:\WINDOWS\System32\msvcp_win.dll
0x00007ffe75210000 - 0x00007ffe7530a000 	C:\WINDOWS\System32\ucrtbase.dll
0x00007ffe614a0000 - 0x00007ffe61725000 	C:\WINDOWS\WinSxS\amd64_microsoft.windows.common-controls_6595b64144ccf1df_6.0.18362.388_none_e6c6afa5130d5b6d\COMCTL32.dll
0x00007ffe767c0000 - 0x00007ffe76af6000 	C:\WINDOWS\System32\combase.dll
0x00007ffe74f90000 - 0x00007ffe75010000 	C:\WINDOWS\System32\bcryptPrimitives.dll
0x00007ffe76b00000 - 0x00007ffe76b2e000 	C:\WINDOWS\System32\IMM32.DLL
0x000000006d7f0000 - 0x000000006d8c2000 	C:\Program Files\Android\Android Studio\jre\jre\bin\msvcr100.dll
0x000000006d9b0000 - 0x000000006e1f6000 	C:\Program Files\Android\Android Studio\jre\jre\bin\server\jvm.dll
0x00007ffe767b0000 - 0x00007ffe767b8000 	C:\WINDOWS\System32\PSAPI.DLL
0x00007ffe71100000 - 0x00007ffe71109000 	C:\WINDOWS\SYSTEM32\WSOCK32.dll
0x00007ffe76b30000 - 0x00007ffe76b9f000 	C:\WINDOWS\System32\WS2_32.dll
0x00007ffe729d0000 - 0x00007ffe729f4000 	C:\WINDOWS\SYSTEM32\WINMM.dll
0x00007ffe729a0000 - 0x00007ffe729cd000 	C:\WINDOWS\SYSTEM32\WINMMBASE.dll
0x00007ffe75010000 - 0x00007ffe7505a000 	C:\WINDOWS\System32\cfgmgr32.dll
0x00007ffe6ddf0000 - 0x00007ffe6ddfa000 	C:\WINDOWS\SYSTEM32\VERSION.dll
0x00007ffe710f0000 - 0x00007ffe710ff000 	C:\Program Files\Android\Android Studio\jre\jre\bin\verify.dll
0x00007ffe6ae50000 - 0x00007ffe6ae79000 	C:\Program Files\Android\Android Studio\jre\jre\bin\java.dll
0x00007ffe6f310000 - 0x00007ffe6f326000 	C:\Program Files\Android\Android Studio\jre\jre\bin\zip.dll
0x00007ffe771d0000 - 0x00007ffe778b5000 	C:\WINDOWS\System32\SHELL32.dll
0x00007ffe76ee0000 - 0x00007ffe76f89000 	C:\WINDOWS\System32\shcore.dll
0x00007ffe755c0000 - 0x00007ffe75d3f000 	C:\WINDOWS\System32\windows.storage.dll
0x00007ffe74f00000 - 0x00007ffe74f1f000 	C:\WINDOWS\System32\profapi.dll
0x00007ffe74f20000 - 0x00007ffe74f6a000 	C:\WINDOWS\System32\powrprof.dll
0x00007ffe74eb0000 - 0x00007ffe74ec0000 	C:\WINDOWS\System32\UMPDC.dll
0x00007ffe76cd0000 - 0x00007ffe76d22000 	C:\WINDOWS\System32\shlwapi.dll
0x00007ffe74ec0000 - 0x00007ffe74ed1000 	C:\WINDOWS\System32\kernel.appcore.dll
0x00007ffe74f70000 - 0x00007ffe74f87000 	C:\WINDOWS\System32\cryptsp.dll
0x00007ffe64280000 - 0x00007ffe6429a000 	C:\Program Files\Android\Android Studio\jre\jre\bin\net.dll
0x00007ffe746c0000 - 0x00007ffe74727000 	C:\WINDOWS\system32\mswsock.dll
0x00007ffe60f60000 - 0x00007ffe60f71000 	C:\Program Files\Android\Android Studio\jre\jre\bin\nio.dll
0x00007ffe4b4a0000 - 0x00007ffe4b4c6000 	C:\Users\kadar\.gradle\native\29\windows-amd64\native-platform.dll
0x00007ffe6f370000 - 0x00007ffe6f37d000 	C:\Program Files\Android\Android Studio\jre\jre\bin\management.dll
0x00007ffe74230000 - 0x00007ffe74263000 	C:\WINDOWS\system32\rsaenh.dll
0x00007ffe75d40000 - 0x00007ffe75d66000 	C:\WINDOWS\System32\bcrypt.dll
0x00007ffe74dd0000 - 0x00007ffe74df5000 	C:\WINDOWS\SYSTEM32\USERENV.dll
0x00007ffe74890000 - 0x00007ffe7489c000 	C:\WINDOWS\SYSTEM32\CRYPTBASE.dll
0x00007ffe743d0000 - 0x00007ffe7440a000 	C:\WINDOWS\SYSTEM32\IPHLPAPI.DLL
0x00007ffe77d70000 - 0x00007ffe77d78000 	C:\WINDOWS\System32\NSI.dll
0x00007ffe6e010000 - 0x00007ffe6e026000 	C:\WINDOWS\SYSTEM32\dhcpcsvc6.DLL
0x00007ffe6dff0000 - 0x00007ffe6e00c000 	C:\WINDOWS\SYSTEM32\dhcpcsvc.DLL
0x00007ffe74410000 - 0x00007ffe744da000 	C:\WINDOWS\SYSTEM32\DNSAPI.dll

VM Arguments:
jvm_args: -Xmx1536m -Dfile.encoding=windows-1252 -Duser.country=IN -Duser.language=en -Duser.variant 
java_command: org.gradle.launcher.daemon.bootstrap.GradleDaemon 5.4.1
java_class_path (initial): C:\Users\kadar\.gradle\wrapper\dists\gradle-5.4.1-bin\e75iq110yv9r9wt1a6619x2xm\gradle-5.4.1\lib\gradle-launcher-5.4.1.jar
Launcher Type: SUN_STANDARD

Environment Variables:
PATH=C:\ProgramData\Oracle\Java\.oracle_jre_usage;%SystemRoot%\system32;%SystemRoot%;%SystemRoot%\System32\Wbem;%SYSTEMROOT%\System32\WindowsPowerShell\v1.0\;%SYSTEMROOT%\System32\OpenSSH\;C:\Users\kadar\AppData\Local\Microsoft\WindowsApps;
USERNAME=Shivangi
OS=Windows_NT
PROCESSOR_IDENTIFIER=Intel64 Family 6 Model 58 Stepping 9, GenuineIntel



---------------  S Y S T E M  ---------------

OS: Windows 10.0 , 64 bit Build 18362 (10.0.18362.329)

CPU:total 8 (initial active 8) (4 cores per cpu, 2 threads per core) family 6 model 58 stepping 9, cmov, cx8, fxsr, mmx, sse, sse2, sse3, ssse3, sse4.1, sse4.2, popcnt, avx, aes, clmul, erms, ht, tsc, tscinvbit, tscinv

Memory: 4k page, physical 8334620k(814348k free), swap 9383196k(4464k free)

vm_info: OpenJDK 64-Bit Server VM (25.202-b03) for windows-amd64 JRE (1.8.0_202-release-1483-b03), built by "builder" with MS VC++ 10.0 (VS2010)

time: Tue Oct 08 19:05:45 2019
timezone: India Standard Time
elapsed time: 969 seconds (0d 0h 16m 9s)

